<?xml version="1.0" encoding="UTF-8"?>
<testsuite xmlns:xsi="http://www.w3.org/2001/XMLSchema-instance" xsi:noNamespaceSchemaLocation="https://maven.apache.org/surefire/maven-surefire-plugin/xsd/surefire-test-report.xsd" version="3.0.2" name="com.engie.api.controller.BerichtControllerTest" time="2.539" tests="7" errors="0" skipped="0" failures="0">
  <properties>
[...]
</properties>
  <testcase name="getAlleBerichten_metBerichten_geeftAlleItems" classname="com.engie.api.controller.BerichtControllerTest" time="0.248">
    <system-out><![CDATA[09:46:38.925 [main] INFO org.springframework.test.context.support.AnnotationConfigContextLoaderUtils -- Could not detect default configuration classes for test class [com.engie.api.controller.BerichtControllerTest]: BerichtControllerTest does not declare any static, non-private, non-final, nested classes annotated with @Configuration.
09:46:39.079 [main] INFO org.springframework.boot.test.context.SpringBootTestContextBootstrapper -- Found @SpringBootConfiguration com.engie.api.EngieBerichtApiApplication for test class com.engie.api.controller.BerichtControllerTest

  .   ____          _            __ _ _
 /\\ / ___'_ __ _ _(_)_ __  __ _ \ \ \ \
( ( )\___ | '_ | '_| | '_ \/ _` | \ \ \ \
 \\/  ___)| |_)| | | | | || (_| |  ) ) ) )
  '  |____| .__|_| |_|_| |_\__, | / / / /
 =========|_|==============|___/=/_/_/_/

 :: Spring Boot ::                (v3.4.3)

2026-03-11T09:46:39.455+01:00  INFO 25100 --- [engie-bericht-api] [           main] c.e.a.controller.BerichtControllerTest   : Starting BerichtControllerTest using Java 25.0.2 with PID 25100 (started by loek in C:\Users\loek\engie-mock\java-api)
2026-03-11T09:46:39.456+01:00 DEBUG 25100 --- [engie-bericht-api] [           main] c.e.a.controller.BerichtControllerTest   : Running with Spring Boot v3.4.3, Spring v6.2.3
2026-03-11T09:46:39.456+01:00  INFO 25100 --- [engie-bericht-api] [           main] c.e.a.controller.BerichtControllerTest   : No active profile set, falling back to 1 default profile: "default"
2026-03-11T09:46:40.900+01:00  INFO 25100 --- [engie-bericht-api] [           main] o.s.b.t.m.w.SpringBootMockServletContext : Initializing Spring TestDispatcherServlet ''
2026-03-11T09:46:40.901+01:00  INFO 25100 --- [engie-bericht-api] [           main] o.s.t.web.servlet.TestDispatcherServlet  : Initializing Servlet ''
2026-03-11T09:46:40.903+01:00  INFO 25100 --- [engie-bericht-api] [           main] o.s.t.web.servlet.TestDispatcherServlet  : Completed initialization in 2 ms
2026-03-11T09:46:40.936+01:00  INFO 25100 --- [engie-bericht-api] [           main] c.e.a.controller.BerichtControllerTest   : Started BerichtControllerTest in 1.8 seconds (process running for 2.684)
]]></system-out>
    <system-err><![CDATA[Mockito is currently self-attaching to enable the inline-mock-maker. This will no longer work in future releases of the JDK. Please add Mockito as an agent to your build what is described in Mockito's documentation: https://javadoc.io/doc/org.mockito/mockito-core/latest/org/mockito/Mockito.html#0.3
WARNING: A Java agent has been loaded dynamically (C:\Users\loek\.m2\repository\net\bytebuddy\byte-buddy-agent\1.15.11\byte-buddy-agent-1.15.11.jar)
WARNING: If a serviceability tool is in use, please run with -XX:+EnableDynamicAgentLoading to hide this warning
WARNING: If a serviceability tool is not in use, please run with -Djdk.instrument.traceUsage for more information
WARNING: Dynamic loading of agents will be disallowed by default in a future release
]]></system-err>
  </testcase>
  <testcase name="verwijderBericht_bestaandId_geeft204" classname="com.engie.api.controller.BerichtControllerTest" time="0.024"/>
  <testcase name="verwijderBericht_onbestaandId_geeft404" classname="com.engie.api.controller.BerichtControllerTest" time="0.005"/>
  <testcase name="postBericht_geldigBericht_geeft202MetBevestiging" classname="com.engie.api.controller.BerichtControllerTest" time="0.052"/>
  <testcase name="getAlleBerichten_legeStore_geeftLegeArray" classname="com.engie.api.controller.BerichtControllerTest" time="0.01"/>
  <testcase name="getBerichtById_bestaandId_geeft200MetBericht" classname="com.engie.api.controller.BerichtControllerTest" time="0.009"/>
  <testcase name="getBerichtById_onbestaandId_geeft404" classname="com.engie.api.controller.BerichtControllerTest" time="0.004"/>
</testsuite>