<?xml version="1.0" encoding="UTF-8"?>
<testsuite xmlns:xsi="http://www.w3.org/2001/XMLSchema-instance" xsi:noNamespaceSchemaLocation="https://maven.apache.org/surefire/maven-surefire-plugin/xsd/surefire-test-report.xsd" version="3.0.2" name="com.engie.api.service.BerichtServiceTest" time="0.029" tests="13" errors="0" skipped="0" failures="0">
  <properties>
[...]
</properties>
  <testcase name="verwijderBericht_bestaandId_verwijdertEnGeeftTrue" classname="com.engie.api.service.BerichtServiceTest" time="0.007">
    <system-out><![CDATA[2026-03-11T10:48:09.624+01:00  INFO 3868 --- [engie-bericht-api] [           main] com.engie.api.service.BerichtService     : [ONTVANGST] berichtId=56d40ebf-9907-4665-a343-652a5202c1a4 senderID=systeem-A contentType=FactuurBericht tijdstip=2026-03-11T10:48:09.624694500
]]></system-out>
  </testcase>
  <testcase name="isAllocatieIdAlVerwerkt_eersteKeer_geeftFalse" classname="com.engie.api.service.BerichtServiceTest" time="0.002"/>
  <testcase name="ontvangBericht_slaatBerichtOpInStore" classname="com.engie.api.service.BerichtServiceTest" time="0.003">
    <system-out><![CDATA[2026-03-11T10:48:09.630+01:00  INFO 3868 --- [engie-bericht-api] [           main] com.engie.api.service.BerichtService     : [ONTVANGST] berichtId=521634da-eb29-4994-a6d4-b7d938a7cd6d senderID=systeem-A contentType=FactuurBericht tijdstip=2026-03-11T10:48:09.630694200
]]></system-out>
  </testcase>
  <testcase name="ontvangBericht_genereertUniekIdPerBericht" classname="com.engie.api.service.BerichtServiceTest" time="0.001">
    <system-out><![CDATA[2026-03-11T10:48:09.633+01:00  INFO 3868 --- [engie-bericht-api] [           main] com.engie.api.service.BerichtService     : [ONTVANGST] berichtId=7e85e883-f8a7-40f1-8e9c-ac5e964d537a senderID=systeem-A contentType=FactuurBericht tijdstip=2026-03-11T10:48:09.633693700
2026-03-11T10:48:09.633+01:00  INFO 3868 --- [engie-bericht-api] [           main] com.engie.api.service.BerichtService     : [ONTVANGST] berichtId=69228f55-378c-48ee-8d90-d6537fa6f6d0 senderID=systeem-A contentType=FactuurBericht tijdstip=2026-03-11T10:48:09.633693700
]]></system-out>
  </testcase>
  <testcase name="isBerichtIdAlVerwerkt_tweedeKeer_geeftTrue" classname="com.engie.api.service.BerichtServiceTest" time="0.0"/>
  <testcase name="getAlleBerichten_leegBijStart" classname="com.engie.api.service.BerichtServiceTest" time="0.001"/>
  <testcase name="getBerichtById_onbestaandId_geeftLeeg" classname="com.engie.api.service.BerichtServiceTest" time="0.001"/>
  <testcase name="verwijderBericht_onbestaandId_geeftFalse" classname="com.engie.api.service.BerichtServiceTest" time="0.001"/>
  <testcase name="isAllocatieIdAlVerwerkt_tweedeKeer_geeftTrue" classname="com.engie.api.service.BerichtServiceTest" time="0.001"/>
  <testcase name="getAlleBerichten_bevatAlleOntvangen" classname="com.engie.api.service.BerichtServiceTest" time="0.002">
    <system-out><![CDATA[2026-03-11T10:48:09.640+01:00  INFO 3868 --- [engie-bericht-api] [           main] com.engie.api.service.BerichtService     : [ONTVANGST] berichtId=a61ead0a-6ff6-410a-b895-c7c2652fbd50 senderID=systeem-A contentType=FactuurBericht tijdstip=2026-03-11T10:48:09.640696600
2026-03-11T10:48:09.641+01:00  INFO 3868 --- [engie-bericht-api] [           main] com.engie.api.service.BerichtService     : [ONTVANGST] berichtId=e16bc27f-f614-4b1a-8467-59b645c49818 senderID=systeem-A contentType=FactuurBericht tijdstip=2026-03-11T10:48:09.641697700
]]></system-out>
  </testcase>
  <testcase name="ontvangBericht_geeftBevestigingTerug" classname="com.engie.api.service.BerichtServiceTest" time="0.001">
    <system-out><![CDATA[2026-03-11T10:48:09.643+01:00  INFO 3868 --- [engie-bericht-api] [           main] com.engie.api.service.BerichtService     : [ONTVANGST] berichtId=1d4ff426-5b34-4012-a9fa-09dd2c9f2ff7 senderID=systeem-A contentType=FactuurBericht tijdstip=2026-03-11T10:48:09.643695
]]></system-out>
  </testcase>
  <testcase name="isBerichtIdAlVerwerkt_eersteKeer_geeftFalse" classname="com.engie.api.service.BerichtServiceTest" time="0.002"/>
  <testcase name="getBerichtById_bestaandId_geeftBericht" classname="com.engie.api.service.BerichtServiceTest" time="0.001">
    <system-out><![CDATA[2026-03-11T10:48:09.648+01:00  INFO 3868 --- [engie-bericht-api] [           main] com.engie.api.service.BerichtService     : [ONTVANGST] berichtId=62f621dd-da8f-4b2e-8233-d9127dbc4009 senderID=systeem-A contentType=FactuurBericht tijdstip=2026-03-11T10:48:09.648694400
]]></system-out>
  </testcase>
</testsuite>